Arguments: 
  /Users/andersonleite/.nvm/versions/node/v16.8.0/bin/node /Users/andersonleite/.nvm/versions/node/v16.8.0/bin/yarn

PATH: 
  /Users/andersonleite/.nvm/versions/node/v16.8.0/bin:/Users/andersonleite/.gem/ruby/2.6.0/bin:/Users/andersonleite/.nvm/versions/node/v12.22.5/bin:/usr/local/bin:/usr/bin:/bin:/usr/sbin:/sbin:/Users/andersonleite/.gem/ruby/2.6.0/bin:/Users/andersonleite/.nvm/versions/node/v12.22.5/bin:/opt/homebrew/bin:/opt/homebrew/sbin:/Users/andersonleite/.cargo/bin

Yarn version: 
  1.22.11

Node version: 
  16.8.0

Platform: 
  darwin arm64

Trace: 
  SyntaxError: /Users/andersonleite/Documents/Github/andersonleite.com/package.json: Unexpected end of JSON input
      at JSON.parse (<anonymous>)
      at /Users/andersonleite/.nvm/versions/node/v16.8.0/lib/node_modules/yarn/lib/cli.js:1625:59
      at Generator.next (<anonymous>)
      at step (/Users/andersonleite/.nvm/versions/node/v16.8.0/lib/node_modules/yarn/lib/cli.js:310:30)
      at /Users/andersonleite/.nvm/versions/node/v16.8.0/lib/node_modules/yarn/lib/cli.js:321:13

npm manifest: 
  {
    "private": true,
    "scripts": {
      "dev": "next dev",
      "build": "next build",
      "start": "next start"
    },
    "dependencies": {
      "@react-spring/three": "^9.2.4",
      "@react-three/cannon": "^3.1.2",
      "@react-three/drei": "7.6.1",
      "@react-three/fiber": "7.0.6",
      "leva": "^0.9.13",
      "next": "^11.1.1",
      "react": "^17.0.2",
      "react-dom": "^17.0.2",
      "sass": "^1.38.2",
      "three": "0.128.0"
    },
    "devDependencies": {
      "@react-spring/web": "^9.2.4",
      "@types/react": "^17.0.21",
      "typescript": "^4.4.3"
    }

yarn manifest: 
  No manifest

Lockfile: 
  # THIS IS AN AUTOGENERATED FILE. DO NOT EDIT THIS FILE DIRECTLY.
  # yarn lockfile v1
